<?xml version="1.0" encoding="UTF-8"?>
<!-- Generated by org.testng.reporters.JUnitReportReporter -->
<testsuite hostname="SSAISRINIVAS" failures="0" tests="3" name="com.testng.P13.HYR.GroupingTest1" time="0.012" errors="0" timestamp="2024-07-21T09:19:58 IST" skipped="0">
  <testcase classname="com.testng.P13.HYR.GroupingTest1" name="testMethod2" time="0.009"/>
  <testcase classname="com.testng.P13.HYR.GroupingTest1" name="testMethod3" time="0.002"/>
  <testcase classname="com.testng.P13.HYR.GroupingTest1" name="testMethod1" time="0.001"/>
</testsuite> <!-- com.testng.P13.HYR.GroupingTest1 -->
