<?xml version="1.0" encoding="UTF-8"?>
<!-- Generated by org.testng.reporters.JUnitReportReporter -->
<testsuite hostname="sai" failures="0" tests="4" name="com.testng.P20.HYR.DataProviderTest.FromExcel.ExcelDataSupplierTest" time="0.029" errors="0" timestamp="2025-03-12T12:02:36 IST" skipped="0">
  <testcase classname="com.testng.P20.HYR.DataProviderTest.FromExcel.ExcelDataSupplierTest" name="getExcelDataTest" time="0.009"/>
  <testcase classname="com.testng.P20.HYR.DataProviderTest.FromExcel.ExcelDataSupplierTest" name="getExcelDataTest" time="0.008"/>
  <testcase classname="com.testng.P20.HYR.DataProviderTest.FromExcel.ExcelDataSupplierTest" name="getExcelDataTest" time="0.006"/>
  <testcase classname="com.testng.P20.HYR.DataProviderTest.FromExcel.ExcelDataSupplierTest" name="getExcelDataTest" time="0.006"/>
</testsuite> <!-- com.testng.P20.HYR.DataProviderTest.FromExcel.ExcelDataSupplierTest -->
