<?xml version="1.0" encoding="UTF-8"?>
<!-- Generated by org.testng.reporters.JUnitReportReporter -->
<testsuite hostname="SSAISRINIVAS" failures="0" tests="4" name="com.testng.P15.HYR.GroupDependencyTest" time="0.015" errors="0" timestamp="2024-07-21T09:20:49 IST" skipped="0">
  <testcase classname="com.testng.P15.HYR.GroupDependencyTest" name="testMethod2" time="0.002"/>
  <testcase classname="com.testng.P15.HYR.GroupDependencyTest" name="testMethod4" time="0.002"/>
  <testcase classname="com.testng.P15.HYR.GroupDependencyTest" name="testMethod3" time="0.001"/>
  <testcase classname="com.testng.P15.HYR.GroupDependencyTest" name="testMethod1" time="0.010"/>
</testsuite> <!-- com.testng.P15.HYR.GroupDependencyTest -->
