<?xml version="1.0" encoding="UTF-8"?>
<!-- Generated by org.testng.reporters.JUnitReportReporter -->
<testsuite hostname="SSAISRINIVAS" failures="0" tests="2" name="com.testng.FirstTest" time="12.354" errors="0" timestamp="2024-07-20T10:35:52 IST" skipped="0">
  <testcase classname="com.testng.FirstTest" name="facebookTest" time="6.793"/>
  <testcase classname="com.testng.FirstTest" name="googleTest" time="5.561"/>
</testsuite> <!-- com.testng.FirstTest -->
