<?xml version="1.0" encoding="UTF-8"?>
<!-- Generated by org.testng.reporters.JUnitReportReporter -->
<testsuite hostname="sai" failures="0" tests="2" name="com.sai.practice.TestNGCompletePractice" time="18.865" errors="0" timestamp="2025-03-11T19:22:15 IST" skipped="0">
  <testcase classname="com.sai.practice.TestNGCompletePractice" name="loginToOrangeHRMApplication" time="15.812"/>
  <testcase classname="com.sai.practice.TestNGCompletePractice" name="fbTest" time="3.053"/>
</testsuite> <!-- com.sai.practice.TestNGCompletePractice -->
