<?xml version="1.0" encoding="UTF-8"?>
<!-- Generated by org.testng.reporters.JUnitReportReporter -->
<testsuite hostname="sai" failures="0" tests="1" name="com.testng.base.BaseClass" time="50.530" errors="0" timestamp="2025-03-17T19:34:07 IST" skipped="0">
  <testcase classname="com.testng.base.BaseClass" name="Test" time="50.530"/>
</testsuite> <!-- com.testng.base.BaseClass -->
