<?xml version="1.0" encoding="UTF-8"?>
<!-- Generated by org.testng.reporters.JUnitReportReporter -->
<testsuite hostname="SSAISRINIVAS" failures="0" tests="1" name="com.testng.P21.HYR.ParallelTest.ParllelTestExecution" time="4.807" errors="0" timestamp="2024-07-21T20:11:59 IST" skipped="0">
  <testcase classname="com.testng.P21.HYR.ParallelTest.ParllelTestExecution" name="dataProviderTest11" time="4.807"/>
</testsuite> <!-- com.testng.P21.HYR.ParallelTest.ParllelTestExecution -->
