<?xml version="1.0" encoding="UTF-8"?>
<!-- Generated by org.testng.reporters.JUnitReportReporter -->
<testsuite hostname="SSAISRINIVAS" failures="0" tests="1" name="com.testng.AppTest" time="0.020" errors="0" timestamp="2024-07-20T09:42:13 IST" skipped="0">
  <testcase classname="com.testng.AppTest" name="shouldAnswerWithTrue" time="0.020"/>
</testsuite> <!-- com.testng.AppTest -->
