<?xml version="1.0" encoding="UTF-8"?>
<!-- Generated by org.testng.reporters.JUnitReportReporter -->
<testsuite hostname="SSAISRINIVAS" failures="0" tests="2" name="com.testng.P8.HYR.ParametersTesting" time="18.066" errors="0" timestamp="2024-07-20T18:29:32 IST" skipped="0">
  <testcase classname="com.testng.P8.HYR.ParametersTesting" name="googleTest" time="8.201"/>
  <testcase classname="com.testng.P8.HYR.ParametersTesting" name="googleTest" time="9.865"/>
</testsuite> <!-- com.testng.P8.HYR.ParametersTesting -->
