<?xml version="1.0" encoding="UTF-8"?>
<!-- Generated by org.testng.reporters.JUnitReportReporter -->
<testsuite hostname="sai" failures="0" tests="1" name="com.testng.base.BaseClass" time="87.111" errors="0" timestamp="2025-03-14T15:36:28 IST" skipped="0">
  <testcase classname="com.testng.base.BaseClass" name="Test" time="87.111"/>
</testsuite> <!-- com.testng.base.BaseClass -->
