<?xml version="1.0" encoding="UTF-8"?>
<!-- Generated by org.testng.reporters.JUnitReportReporter -->
<testsuite hostname="SSAISRINIVAS" failures="0" tests="2" name="com.testng.P7.HYR.AnnotationsTest" time="0.009" errors="0" timestamp="2024-07-20T16:41:30 IST" skipped="0">
  <testcase classname="com.testng.P7.HYR.AnnotationsTest" name="testMethod2" time="0.002"/>
  <testcase classname="com.testng.P7.HYR.AnnotationsTest" name="testMethod1" time="0.007"/>
</testsuite> <!-- com.testng.P7.HYR.AnnotationsTest -->
