<?xml version="1.0" encoding="UTF-8"?>
<!-- Generated by org.testng.reporters.JUnitReportReporter -->
<testsuite hostname="SSAISRINIVAS" failures="0" tests="4" name="com.testng.P21.HYR.ParallelTest.TestClass2" time="0.023" errors="0" timestamp="2024-07-21T21:38:19 IST" skipped="0">
  <testcase classname="com.testng.P21.HYR.ParallelTest.TestClass2" name="testMethod2" time="0.005"/>
  <testcase classname="com.testng.P21.HYR.ParallelTest.TestClass2" name="testMethod3" time="0.003"/>
  <testcase classname="com.testng.P21.HYR.ParallelTest.TestClass2" name="testMethod4" time="0.002"/>
  <testcase classname="com.testng.P21.HYR.ParallelTest.TestClass2" name="testMethod1" time="0.013"/>
</testsuite> <!-- com.testng.P21.HYR.ParallelTest.TestClass2 -->
