<?xml version="1.0" encoding="UTF-8"?>
<!-- Generated by org.testng.reporters.JUnitReportReporter -->
<testsuite hostname="SSAISRINIVAS" failures="0" tests="1" name="com.testng.P25.HYR.ListenersTest.ListenersTest" time="0.009" errors="0" timestamp="2024-07-22T09:50:05 IST" skipped="0">
  <testcase classname="com.testng.P25.HYR.ListenersTest.ListenersTest" name="test" time="0.009"/>
</testsuite> <!-- com.testng.P25.HYR.ListenersTest.ListenersTest -->
