<?xml version="1.0" encoding="UTF-8"?>
<!-- Generated by org.testng.reporters.JUnitReportReporter -->
<testsuite hostname="SSAISRINIVAS" failures="0" tests="4" name="com.testng.P21.HYR.DParallelTest.ParllelTestExecution" time="0.039" errors="0" timestamp="2024-07-21T19:10:41 IST" skipped="0">
  <testcase classname="com.testng.P21.HYR.DParallelTest.ParllelTestExecution" name="dataProviderTest10" time="0.009"/>
  <testcase classname="com.testng.P21.HYR.DParallelTest.ParllelTestExecution" name="dataProviderTest10" time="0.011"/>
  <testcase classname="com.testng.P21.HYR.DParallelTest.ParllelTestExecution" name="dataProviderTest10" time="0.009"/>
  <testcase classname="com.testng.P21.HYR.DParallelTest.ParllelTestExecution" name="dataProviderTest10" time="0.010"/>
</testsuite> <!-- com.testng.P21.HYR.DParallelTest.ParllelTestExecution -->
