<?xml version="1.0" encoding="UTF-8"?>
<!-- Generated by org.testng.reporters.JUnitReportReporter -->
<testsuite hostname="sai" failures="0" tests="3" name="com.testng.P8.HYR.ParametersTesting.ParametersTesting" time="47.797" errors="0" timestamp="2025-03-12T09:44:45 IST" skipped="0">
  <testcase classname="com.testng.P8.HYR.ParametersTesting.ParametersTesting" name="googleTest" time="17.272"/>
  <testcase classname="com.testng.P8.HYR.ParametersTesting.ParametersTesting" name="googleTest" time="16.744"/>
  <testcase classname="com.testng.P8.HYR.ParametersTesting.ParametersTesting" name="googleTest" time="13.781"/>
</testsuite> <!-- com.testng.P8.HYR.ParametersTesting.ParametersTesting -->
